{"uuid":"5255baa8-282f-40a5-9772-0c096991bc97","historyId":"d29e77fae5c0a3d9c349ca3c8363b41e","fullName":"com.evy.tests.AccountDropdownTests.verifyAccountDropdownLinksAfterLogin","labels":[{"name":"package","value":"com.evy.tests.AccountDropdownTests"},{"name":"testClass","value":"com.evy.tests.AccountDropdownTests"},{"name":"testMethod","value":"verifyAccountDropdownLinksAfterLogin"},{"name":"parentSuite","value":"All Test Suite"},{"name":"suite","value":"G:/java/autqa-ecommerce-ui"},{"name":"subSuite","value":"com.evy.tests.AccountDropdownTests"},{"name":"host","value":"evy"},{"name":"thread","value":"6280@evy.main(1)"},{"name":"framework","value":"testng"},{"name":"language","value":"java"},{"name":"story","value":"As a user, I want to access my account information and settings through the account dropdown menu"},{"name":"tag","value":"accountDropdownAfterLogin"},{"name":"epic","value":"Account Management"},{"name":"feature","value":"Account Dropdown"}],"links":[],"name":"verifyAccountDropdownLinksAfterLogin","status":"broken","statusDetails":{"known":false,"muted":false,"flaky":false,"message":"Assertion error occurred","trace":"com.evy.framework.utils.CustomException: Assertion error occurred\r\n\tat com.evy.framework.utils.CustomAssertions.isEqualToCondition(CustomAssertions.java:58)\r\n\tat com.evy.tests.AccountDropdownTests.verifyAccountDropdownLinksAfterLogin(AccountDropdownTests.java:53)\r\n\tat java.base/jdk.internal.reflect.NativeMethodAccessorImpl.invoke0(Native Method)\r\n\tat java.base/jdk.internal.reflect.NativeMethodAccessorImpl.invoke(NativeMethodAccessorImpl.java:77)\r\n\tat java.base/jdk.internal.reflect.DelegatingMethodAccessorImpl.invoke(DelegatingMethodAccessorImpl.java:43)\r\n\tat java.base/java.lang.reflect.Method.invoke(Method.java:568)\r\n\tat org.testng.internal.invokers.MethodInvocationHelper.invokeMethod(MethodInvocationHelper.java:141)\r\n\tat org.testng.internal.invokers.TestInvoker.invokeMethod(TestInvoker.java:686)\r\n\tat org.testng.internal.invokers.TestInvoker.invokeTestMethod(TestInvoker.java:230)\r\n\tat org.testng.internal.invokers.MethodRunner.runInSequence(MethodRunner.java:63)\r\n\tat org.testng.internal.invokers.TestInvoker$MethodInvocationAgent.invoke(TestInvoker.java:992)\r\n\tat org.testng.internal.invokers.TestInvoker.invokeTestMethods(TestInvoker.java:203)\r\n\tat org.testng.internal.invokers.TestMethodWorker.invokeTestMethods(TestMethodWorker.java:154)\r\n\tat org.testng.internal.invokers.TestMethodWorker.run(TestMethodWorker.java:134)\r\n\tat java.base/java.util.ArrayList.forEach(ArrayList.java:1511)\r\n\tat org.testng.TestRunner.privateRun(TestRunner.java:739)\r\n\tat org.testng.TestRunner.run(TestRunner.java:614)\r\n\tat org.testng.SuiteRunner.runTest(SuiteRunner.java:421)\r\n\tat org.testng.SuiteRunner.runSequentially(SuiteRunner.java:413)\r\n\tat org.testng.SuiteRunner.privateRun(SuiteRunner.java:373)\r\n\tat org.testng.SuiteRunner.run(SuiteRunner.java:312)\r\n\tat org.testng.SuiteRunnerWorker.runSuite(SuiteRunnerWorker.java:52)\r\n\tat org.testng.SuiteRunnerWorker.run(SuiteRunnerWorker.java:95)\r\n\tat org.testng.TestNG.runSuitesSequentially(TestNG.java:1274)\r\n\tat org.testng.TestNG.runSuitesLocally(TestNG.java:1208)\r\n\tat org.testng.TestNG.runSuites(TestNG.java:1112)\r\n\tat org.testng.TestNG.run(TestNG.java:1079)\r\n\tat org.apache.maven.surefire.testng.TestNGExecutor.run(TestNGExecutor.java:308)\r\n\tat org.apache.maven.surefire.testng.TestNGXmlTestSuite.execute(TestNGXmlTestSuite.java:71)\r\n\tat org.apache.maven.surefire.testng.TestNGProvider.invoke(TestNGProvider.java:113)\r\n\tat org.apache.maven.surefire.booter.ForkedBooter.runSuitesInProcess(ForkedBooter.java:385)\r\n\tat org.apache.maven.surefire.booter.ForkedBooter.execute(ForkedBooter.java:162)\r\n\tat org.apache.maven.surefire.booter.ForkedBooter.run(ForkedBooter.java:507)\r\n\tat org.apache.maven.surefire.booter.ForkedBooter.main(ForkedBooter.java:495)\r\nCaused by: java.lang.AssertionError: Expected Page title after clicking on the 'checkout' link to be Checkout, but it was Shopping Cart.\r\n\t... 33 more\r\n"},"stage":"finished","description":"Verify that clicking on the '{}' link in the account dropdown menu navigates to the correct page after login","steps":[],"attachments":[],"parameters":[{"name":"expectedPageTitle","value":"Checkout"},{"name":"expectedPageUrl","value":"/checkout/"},{"name":"linkText","value":"checkout"},{"name":"expectedPageHeader","value":"Checkout"}],"start":1714556578922,"stop":1714556586225}