<?xml version="1.0" encoding="UTF-8"?>
<testsuite xmlns:xsi="http://www.w3.org/2001/XMLSchema-instance" xsi:noNamespaceSchemaLocation="https://maven.apache.org/surefire/maven-surefire-plugin/xsd/surefire-test-report-3.0.xsd" version="3.0" name="TestSuite" time="76.123" tests="7" errors="0" skipped="0" failures="1">
  <properties>
    <property name="java.specification.version" value="17"/>
    <property name="webdriver.chrome.driver" value="C:\Users\evyco\.cache\selenium\chromedriver\win64\124.0.6367.91\chromedriver.exe"/>
    <property name="sun.cpu.isalist" value="amd64"/>
    <property name="sun.jnu.encoding" value="Cp1252"/>
    <property name="java.class.path" value="G:\java\autqa-ecommerce-ui\target\test-classes;G:\java\autqa-ecommerce-ui\target\classes;C:\Users\evyco\.m2\repository\org\testng\testng\7.10.1\testng-7.10.1.jar;C:\Users\evyco\.m2\repository\org\slf4j\slf4j-api\1.7.36\slf4j-api-1.7.36.jar;C:\Users\evyco\.m2\repository\com\beust\jcommander\1.82\jcommander-1.82.jar;C:\Users\evyco\.m2\repository\org\webjars\jquery\3.7.1\jquery-3.7.1.jar;C:\Users\evyco\.m2\repository\io\github\bonigarcia\webdrivermanager\5.8.0\webdrivermanager-5.8.0.jar;C:\Users\evyco\.m2\repository\com\google\code\gson\gson\2.10.1\gson-2.10.1.jar;C:\Users\evyco\.m2\repository\com\github\docker-java\docker-java\3.3.6\docker-java-3.3.6.jar;C:\Users\evyco\.m2\repository\com\github\docker-java\docker-java-core\3.3.6\docker-java-core-3.3.6.jar;C:\Users\evyco\.m2\repository\com\github\docker-java\docker-java-api\3.3.6\docker-java-api-3.3.6.jar;C:\Users\evyco\.m2\repository\com\fasterxml\jackson\core\jackson-annotations\2.10.3\jackson-annotations-2.10.3.jar;C:\Users\evyco\.m2\repository\com\fasterxml\jackson\core\jackson-databind\2.10.3\jackson-databind-2.10.3.jar;C:\Users\evyco\.m2\repository\com\fasterxml\jackson\core\jackson-core\2.10.3\jackson-core-2.10.3.jar;C:\Users\evyco\.m2\repository\org\bouncycastle\bcpkix-jdk18on\1.76\bcpkix-jdk18on-1.76.jar;C:\Users\evyco\.m2\repository\org\bouncycastle\bcprov-jdk18on\1.76\bcprov-jdk18on-1.76.jar;C:\Users\evyco\.m2\repository\org\bouncycastle\bcutil-jdk18on\1.76\bcutil-jdk18on-1.76.jar;C:\Users\evyco\.m2\repository\org\slf4j\jcl-over-slf4j\1.7.30\jcl-over-slf4j-1.7.30.jar;C:\Users\evyco\.m2\repository\com\github\docker-java\docker-java-transport-httpclient5\3.3.6\docker-java-transport-httpclient5-3.3.6.jar;C:\Users\evyco\.m2\repository\com\github\docker-java\docker-java-transport\3.3.6\docker-java-transport-3.3.6.jar;C:\Users\evyco\.m2\repository\net\java\dev\jna\jna\5.13.0\jna-5.13.0.jar;C:\Users\evyco\.m2\repository\org\brotli\dec\0.1.2\dec-0.1.2.jar;C:\Users\evyco\.m2\repository\org\apache\commons\commons-lang3\3.14.0\commons-lang3-3.14.0.jar;C:\Users\evyco\.m2\repository\org\apache\commons\commons-compress\1.26.1\commons-compress-1.26.1.jar;C:\Users\evyco\.m2\repository\org\apache\httpcomponents\client5\httpclient5\5.2.1\httpclient5-5.2.1.jar;C:\Users\evyco\.m2\repository\org\apache\httpcomponents\core5\httpcore5\5.2\httpcore5-5.2.jar;C:\Users\evyco\.m2\repository\org\apache\httpcomponents\core5\httpcore5-h2\5.2\httpcore5-h2-5.2.jar;C:\Users\evyco\.m2\repository\org\seleniumhq\selenium\selenium-java\4.19.1\selenium-java-4.19.1.jar;C:\Users\evyco\.m2\repository\org\seleniumhq\selenium\selenium-api\4.19.1\selenium-api-4.19.1.jar;C:\Users\evyco\.m2\repository\org\seleniumhq\selenium\selenium-chrome-driver\4.19.1\selenium-chrome-driver-4.19.1.jar;C:\Users\evyco\.m2\repository\com\google\auto\service\auto-service-annotations\1.1.1\auto-service-annotations-1.1.1.jar;C:\Users\evyco\.m2\repository\org\seleniumhq\selenium\selenium-chromium-driver\4.19.1\selenium-chromium-driver-4.19.1.jar;C:\Users\evyco\.m2\repository\org\seleniumhq\selenium\selenium-json\4.19.1\selenium-json-4.19.1.jar;C:\Users\evyco\.m2\repository\org\seleniumhq\selenium\selenium-manager\4.19.1\selenium-manager-4.19.1.jar;C:\Users\evyco\.m2\repository\org\seleniumhq\selenium\selenium-devtools-v121\4.19.1\selenium-devtools-v121-4.19.1.jar;C:\Users\evyco\.m2\repository\org\seleniumhq\selenium\selenium-devtools-v122\4.19.1\selenium-devtools-v122-4.19.1.jar;C:\Users\evyco\.m2\repository\org\seleniumhq\selenium\selenium-devtools-v123\4.19.1\selenium-devtools-v123-4.19.1.jar;C:\Users\evyco\.m2\repository\org\seleniumhq\selenium\selenium-devtools-v85\4.19.1\selenium-devtools-v85-4.19.1.jar;C:\Users\evyco\.m2\repository\org\seleniumhq\selenium\selenium-edge-driver\4.19.1\selenium-edge-driver-4.19.1.jar;C:\Users\evyco\.m2\repository\org\seleniumhq\selenium\selenium-firefox-driver\4.19.1\selenium-firefox-driver-4.19.1.jar;C:\Users\evyco\.m2\repository\org\seleniumhq\selenium\selenium-http\4.19.1\selenium-http-4.19.1.jar;C:\Users\evyco\.m2\repository\dev\failsafe\failsafe\3.3.2\failsafe-3.3.2.jar;C:\Users\evyco\.m2\repository\org\seleniumhq\selenium\selenium-ie-driver\4.19.1\selenium-ie-driver-4.19.1.jar;C:\Users\evyco\.m2\repository\org\seleniumhq\selenium\selenium-remote-driver\4.19.1\selenium-remote-driver-4.19.1.jar;C:\Users\evyco\.m2\repository\com\google\guava\guava\33.1.0-jre\guava-33.1.0-jre.jar;C:\Users\evyco\.m2\repository\com\google\guava\failureaccess\1.0.2\failureaccess-1.0.2.jar;C:\Users\evyco\.m2\repository\com\google\guava\listenablefuture\9999.0-empty-to-avoid-conflict-with-guava\listenablefuture-9999.0-empty-to-avoid-conflict-with-guava.jar;C:\Users\evyco\.m2\repository\com\google\code\findbugs\jsr305\3.0.2\jsr305-3.0.2.jar;C:\Users\evyco\.m2\repository\org\checkerframework\checker-qual\3.42.0\checker-qual-3.42.0.jar;C:\Users\evyco\.m2\repository\com\google\errorprone\error_prone_annotations\2.26.1\error_prone_annotations-2.26.1.jar;C:\Users\evyco\.m2\repository\com\google\j2objc\j2objc-annotations\3.0.0\j2objc-annotations-3.0.0.jar;C:\Users\evyco\.m2\repository\io\opentelemetry\semconv\opentelemetry-semconv\1.23.1-alpha\opentelemetry-semconv-1.23.1-alpha.jar;C:\Users\evyco\.m2\repository\io\opentelemetry\opentelemetry-api\1.36.0\opentelemetry-api-1.36.0.jar;C:\Users\evyco\.m2\repository\io\opentelemetry\opentelemetry-context\1.36.0\opentelemetry-context-1.36.0.jar;C:\Users\evyco\.m2\repository\io\opentelemetry\opentelemetry-exporter-logging\1.36.0\opentelemetry-exporter-logging-1.36.0.jar;C:\Users\evyco\.m2\repository\io\opentelemetry\opentelemetry-sdk-common\1.36.0\opentelemetry-sdk-common-1.36.0.jar;C:\Users\evyco\.m2\repository\io\opentelemetry\opentelemetry-sdk-extension-autoconfigure-spi\1.36.0\opentelemetry-sdk-extension-autoconfigure-spi-1.36.0.jar;C:\Users\evyco\.m2\repository\io\opentelemetry\opentelemetry-sdk-extension-autoconfigure\1.36.0\opentelemetry-sdk-extension-autoconfigure-1.36.0.jar;C:\Users\evyco\.m2\repository\io\opentelemetry\opentelemetry-api-events\1.36.0-alpha\opentelemetry-api-events-1.36.0-alpha.jar;C:\Users\evyco\.m2\repository\io\opentelemetry\opentelemetry-sdk-trace\1.36.0\opentelemetry-sdk-trace-1.36.0.jar;C:\Users\evyco\.m2\repository\io\opentelemetry\opentelemetry-extension-incubator\1.36.0-alpha\opentelemetry-extension-incubator-1.36.0-alpha.jar;C:\Users\evyco\.m2\repository\io\opentelemetry\opentelemetry-sdk\1.36.0\opentelemetry-sdk-1.36.0.jar;C:\Users\evyco\.m2\repository\io\opentelemetry\opentelemetry-sdk-metrics\1.36.0\opentelemetry-sdk-metrics-1.36.0.jar;C:\Users\evyco\.m2\repository\io\opentelemetry\opentelemetry-sdk-logs\1.36.0\opentelemetry-sdk-logs-1.36.0.jar;C:\Users\evyco\.m2\repository\org\seleniumhq\selenium\selenium-os\4.19.1\selenium-os-4.19.1.jar;C:\Users\evyco\.m2\repository\org\apache\commons\commons-exec\1.3\commons-exec-1.3.jar;C:\Users\evyco\.m2\repository\org\seleniumhq\selenium\selenium-safari-driver\4.19.1\selenium-safari-driver-4.19.1.jar;C:\Users\evyco\.m2\repository\org\seleniumhq\selenium\selenium-support\4.19.1\selenium-support-4.19.1.jar;C:\Users\evyco\.m2\repository\io\qameta\allure\allure-testng\2.27.0\allure-testng-2.27.0.jar;C:\Users\evyco\.m2\repository\io\qameta\allure\allure-test-filter\2.27.0\allure-test-filter-2.27.0.jar;C:\Users\evyco\.m2\repository\io\qameta\allure\allure-java-commons\2.27.0\allure-java-commons-2.27.0.jar;C:\Users\evyco\.m2\repository\org\apache\logging\log4j\log4j-core\3.0.0-beta2\log4j-core-3.0.0-beta2.jar;C:\Users\evyco\.m2\repository\org\apache\logging\log4j\log4j-api\3.0.0-beta2\log4j-api-3.0.0-beta2.jar;C:\Users\evyco\.m2\repository\org\apache\logging\log4j\log4j-plugins\3.0.0-beta2\log4j-plugins-3.0.0-beta2.jar;C:\Users\evyco\.m2\repository\org\assertj\assertj-core\3.25.3\assertj-core-3.25.3.jar;C:\Users\evyco\.m2\repository\net\bytebuddy\byte-buddy\1.14.11\byte-buddy-1.14.11.jar;C:\Users\evyco\.m2\repository\org\projectlombok\lombok\1.18.30\lombok-1.18.30.jar;C:\Users\evyco\.m2\repository\org\aeonbits\owner\owner\1.0.12\owner-1.0.12.jar;C:\Users\evyco\.m2\repository\org\apache\poi\poi\5.2.5\poi-5.2.5.jar;C:\Users\evyco\.m2\repository\commons-codec\commons-codec\1.16.0\commons-codec-1.16.0.jar;C:\Users\evyco\.m2\repository\org\apache\commons\commons-collections4\4.4\commons-collections4-4.4.jar;C:\Users\evyco\.m2\repository\org\apache\commons\commons-math3\3.6.1\commons-math3-3.6.1.jar;C:\Users\evyco\.m2\repository\commons-io\commons-io\2.15.0\commons-io-2.15.0.jar;C:\Users\evyco\.m2\repository\com\zaxxer\SparseBitSet\1.3\SparseBitSet-1.3.jar;C:\Users\evyco\.m2\repository\org\apache\poi\poi-ooxml\5.2.5\poi-ooxml-5.2.5.jar;C:\Users\evyco\.m2\repository\org\apache\poi\poi-ooxml-lite\5.2.5\poi-ooxml-lite-5.2.5.jar;C:\Users\evyco\.m2\repository\org\apache\xmlbeans\xmlbeans\5.2.0\xmlbeans-5.2.0.jar;C:\Users\evyco\.m2\repository\com\github\virtuald\curvesapi\1.08\curvesapi-1.08.jar;C:\Users\evyco\.m2\repository\com\github\javafaker\javafaker\1.0.2\javafaker-1.0.2.jar;C:\Users\evyco\.m2\repository\org\yaml\snakeyaml\1.23\snakeyaml-1.23-android.jar;C:\Users\evyco\.m2\repository\com\github\mifmif\generex\1.0.2\generex-1.0.2.jar;C:\Users\evyco\.m2\repository\dk\brics\automaton\automaton\1.11-8\automaton-1.11-8.jar;C:\Users\evyco\.m2\repository\io\qameta\allure\allure-model\2.27.0\allure-model-2.27.0.jar;"/>
    <property name="java.vm.vendor" value="Oracle Corporation"/>
    <property name="sun.arch.data.model" value="64"/>
    <property name="user.variant" value=""/>
    <property name="java.vendor.url" value="https://java.oracle.com/"/>
    <property name="user.timezone" value="Asia/Jerusalem"/>
    <property name="os.name" value="Windows 11"/>
    <property name="java.vm.specification.version" value="17"/>
    <property name="sun.java.launcher" value="SUN_STANDARD"/>
    <property name="user.country" value="US"/>
    <property name="allure.link.issue.pattern" value="https://example.org/issue/{}"/>
    <property name="sun.boot.library.path" value="C:\Program Files\Java\jdk-17.0.2\bin"/>
    <property name="sun.java.command" value="C:\Users\evyco\AppData\Local\Temp\surefire14727372483431176272\surefirebooter-20240501124214304_3.jar C:\Users\evyco\AppData\Local\Temp\surefire14727372483431176272 2024-05-01T12-42-14_154-jvmRun1 surefire-20240501124214304_1tmp surefire_0-20240501124214304_2tmp"/>
    <property name="jdk.debug" value="release"/>
    <property name="surefire.test.class.path" value="G:\java\autqa-ecommerce-ui\target\test-classes;G:\java\autqa-ecommerce-ui\target\classes;C:\Users\evyco\.m2\repository\org\testng\testng\7.10.1\testng-7.10.1.jar;C:\Users\evyco\.m2\repository\org\slf4j\slf4j-api\1.7.36\slf4j-api-1.7.36.jar;C:\Users\evyco\.m2\repository\com\beust\jcommander\1.82\jcommander-1.82.jar;C:\Users\evyco\.m2\repository\org\webjars\jquery\3.7.1\jquery-3.7.1.jar;C:\Users\evyco\.m2\repository\io\github\bonigarcia\webdrivermanager\5.8.0\webdrivermanager-5.8.0.jar;C:\Users\evyco\.m2\repository\com\google\code\gson\gson\2.10.1\gson-2.10.1.jar;C:\Users\evyco\.m2\repository\com\github\docker-java\docker-java\3.3.6\docker-java-3.3.6.jar;C:\Users\evyco\.m2\repository\com\github\docker-java\docker-java-core\3.3.6\docker-java-core-3.3.6.jar;C:\Users\evyco\.m2\repository\com\github\docker-java\docker-java-api\3.3.6\docker-java-api-3.3.6.jar;C:\Users\evyco\.m2\repository\com\fasterxml\jackson\core\jackson-annotations\2.10.3\jackson-annotations-2.10.3.jar;C:\Users\evyco\.m2\repository\com\fasterxml\jackson\core\jackson-databind\2.10.3\jackson-databind-2.10.3.jar;C:\Users\evyco\.m2\repository\com\fasterxml\jackson\core\jackson-core\2.10.3\jackson-core-2.10.3.jar;C:\Users\evyco\.m2\repository\org\bouncycastle\bcpkix-jdk18on\1.76\bcpkix-jdk18on-1.76.jar;C:\Users\evyco\.m2\repository\org\bouncycastle\bcprov-jdk18on\1.76\bcprov-jdk18on-1.76.jar;C:\Users\evyco\.m2\repository\org\bouncycastle\bcutil-jdk18on\1.76\bcutil-jdk18on-1.76.jar;C:\Users\evyco\.m2\repository\org\slf4j\jcl-over-slf4j\1.7.30\jcl-over-slf4j-1.7.30.jar;C:\Users\evyco\.m2\repository\com\github\docker-java\docker-java-transport-httpclient5\3.3.6\docker-java-transport-httpclient5-3.3.6.jar;C:\Users\evyco\.m2\repository\com\github\docker-java\docker-java-transport\3.3.6\docker-java-transport-3.3.6.jar;C:\Users\evyco\.m2\repository\net\java\dev\jna\jna\5.13.0\jna-5.13.0.jar;C:\Users\evyco\.m2\repository\org\brotli\dec\0.1.2\dec-0.1.2.jar;C:\Users\evyco\.m2\repository\org\apache\commons\commons-lang3\3.14.0\commons-lang3-3.14.0.jar;C:\Users\evyco\.m2\repository\org\apache\commons\commons-compress\1.26.1\commons-compress-1.26.1.jar;C:\Users\evyco\.m2\repository\org\apache\httpcomponents\client5\httpclient5\5.2.1\httpclient5-5.2.1.jar;C:\Users\evyco\.m2\repository\org\apache\httpcomponents\core5\httpcore5\5.2\httpcore5-5.2.jar;C:\Users\evyco\.m2\repository\org\apache\httpcomponents\core5\httpcore5-h2\5.2\httpcore5-h2-5.2.jar;C:\Users\evyco\.m2\repository\org\seleniumhq\selenium\selenium-java\4.19.1\selenium-java-4.19.1.jar;C:\Users\evyco\.m2\repository\org\seleniumhq\selenium\selenium-api\4.19.1\selenium-api-4.19.1.jar;C:\Users\evyco\.m2\repository\org\seleniumhq\selenium\selenium-chrome-driver\4.19.1\selenium-chrome-driver-4.19.1.jar;C:\Users\evyco\.m2\repository\com\google\auto\service\auto-service-annotations\1.1.1\auto-service-annotations-1.1.1.jar;C:\Users\evyco\.m2\repository\org\seleniumhq\selenium\selenium-chromium-driver\4.19.1\selenium-chromium-driver-4.19.1.jar;C:\Users\evyco\.m2\repository\org\seleniumhq\selenium\selenium-json\4.19.1\selenium-json-4.19.1.jar;C:\Users\evyco\.m2\repository\org\seleniumhq\selenium\selenium-manager\4.19.1\selenium-manager-4.19.1.jar;C:\Users\evyco\.m2\repository\org\seleniumhq\selenium\selenium-devtools-v121\4.19.1\selenium-devtools-v121-4.19.1.jar;C:\Users\evyco\.m2\repository\org\seleniumhq\selenium\selenium-devtools-v122\4.19.1\selenium-devtools-v122-4.19.1.jar;C:\Users\evyco\.m2\repository\org\seleniumhq\selenium\selenium-devtools-v123\4.19.1\selenium-devtools-v123-4.19.1.jar;C:\Users\evyco\.m2\repository\org\seleniumhq\selenium\selenium-devtools-v85\4.19.1\selenium-devtools-v85-4.19.1.jar;C:\Users\evyco\.m2\repository\org\seleniumhq\selenium\selenium-edge-driver\4.19.1\selenium-edge-driver-4.19.1.jar;C:\Users\evyco\.m2\repository\org\seleniumhq\selenium\selenium-firefox-driver\4.19.1\selenium-firefox-driver-4.19.1.jar;C:\Users\evyco\.m2\repository\org\seleniumhq\selenium\selenium-http\4.19.1\selenium-http-4.19.1.jar;C:\Users\evyco\.m2\repository\dev\failsafe\failsafe\3.3.2\failsafe-3.3.2.jar;C:\Users\evyco\.m2\repository\org\seleniumhq\selenium\selenium-ie-driver\4.19.1\selenium-ie-driver-4.19.1.jar;C:\Users\evyco\.m2\repository\org\seleniumhq\selenium\selenium-remote-driver\4.19.1\selenium-remote-driver-4.19.1.jar;C:\Users\evyco\.m2\repository\com\google\guava\guava\33.1.0-jre\guava-33.1.0-jre.jar;C:\Users\evyco\.m2\repository\com\google\guava\failureaccess\1.0.2\failureaccess-1.0.2.jar;C:\Users\evyco\.m2\repository\com\google\guava\listenablefuture\9999.0-empty-to-avoid-conflict-with-guava\listenablefuture-9999.0-empty-to-avoid-conflict-with-guava.jar;C:\Users\evyco\.m2\repository\com\google\code\findbugs\jsr305\3.0.2\jsr305-3.0.2.jar;C:\Users\evyco\.m2\repository\org\checkerframework\checker-qual\3.42.0\checker-qual-3.42.0.jar;C:\Users\evyco\.m2\repository\com\google\errorprone\error_prone_annotations\2.26.1\error_prone_annotations-2.26.1.jar;C:\Users\evyco\.m2\repository\com\google\j2objc\j2objc-annotations\3.0.0\j2objc-annotations-3.0.0.jar;C:\Users\evyco\.m2\repository\io\opentelemetry\semconv\opentelemetry-semconv\1.23.1-alpha\opentelemetry-semconv-1.23.1-alpha.jar;C:\Users\evyco\.m2\repository\io\opentelemetry\opentelemetry-api\1.36.0\opentelemetry-api-1.36.0.jar;C:\Users\evyco\.m2\repository\io\opentelemetry\opentelemetry-context\1.36.0\opentelemetry-context-1.36.0.jar;C:\Users\evyco\.m2\repository\io\opentelemetry\opentelemetry-exporter-logging\1.36.0\opentelemetry-exporter-logging-1.36.0.jar;C:\Users\evyco\.m2\repository\io\opentelemetry\opentelemetry-sdk-common\1.36.0\opentelemetry-sdk-common-1.36.0.jar;C:\Users\evyco\.m2\repository\io\opentelemetry\opentelemetry-sdk-extension-autoconfigure-spi\1.36.0\opentelemetry-sdk-extension-autoconfigure-spi-1.36.0.jar;C:\Users\evyco\.m2\repository\io\opentelemetry\opentelemetry-sdk-extension-autoconfigure\1.36.0\opentelemetry-sdk-extension-autoconfigure-1.36.0.jar;C:\Users\evyco\.m2\repository\io\opentelemetry\opentelemetry-api-events\1.36.0-alpha\opentelemetry-api-events-1.36.0-alpha.jar;C:\Users\evyco\.m2\repository\io\opentelemetry\opentelemetry-sdk-trace\1.36.0\opentelemetry-sdk-trace-1.36.0.jar;C:\Users\evyco\.m2\repository\io\opentelemetry\opentelemetry-extension-incubator\1.36.0-alpha\opentelemetry-extension-incubator-1.36.0-alpha.jar;C:\Users\evyco\.m2\repository\io\opentelemetry\opentelemetry-sdk\1.36.0\opentelemetry-sdk-1.36.0.jar;C:\Users\evyco\.m2\repository\io\opentelemetry\opentelemetry-sdk-metrics\1.36.0\opentelemetry-sdk-metrics-1.36.0.jar;C:\Users\evyco\.m2\repository\io\opentelemetry\opentelemetry-sdk-logs\1.36.0\opentelemetry-sdk-logs-1.36.0.jar;C:\Users\evyco\.m2\repository\org\seleniumhq\selenium\selenium-os\4.19.1\selenium-os-4.19.1.jar;C:\Users\evyco\.m2\repository\org\apache\commons\commons-exec\1.3\commons-exec-1.3.jar;C:\Users\evyco\.m2\repository\org\seleniumhq\selenium\selenium-safari-driver\4.19.1\selenium-safari-driver-4.19.1.jar;C:\Users\evyco\.m2\repository\org\seleniumhq\selenium\selenium-support\4.19.1\selenium-support-4.19.1.jar;C:\Users\evyco\.m2\repository\io\qameta\allure\allure-testng\2.27.0\allure-testng-2.27.0.jar;C:\Users\evyco\.m2\repository\io\qameta\allure\allure-test-filter\2.27.0\allure-test-filter-2.27.0.jar;C:\Users\evyco\.m2\repository\io\qameta\allure\allure-java-commons\2.27.0\allure-java-commons-2.27.0.jar;C:\Users\evyco\.m2\repository\org\apache\logging\log4j\log4j-core\3.0.0-beta2\log4j-core-3.0.0-beta2.jar;C:\Users\evyco\.m2\repository\org\apache\logging\log4j\log4j-api\3.0.0-beta2\log4j-api-3.0.0-beta2.jar;C:\Users\evyco\.m2\repository\org\apache\logging\log4j\log4j-plugins\3.0.0-beta2\log4j-plugins-3.0.0-beta2.jar;C:\Users\evyco\.m2\repository\org\assertj\assertj-core\3.25.3\assertj-core-3.25.3.jar;C:\Users\evyco\.m2\repository\net\bytebuddy\byte-buddy\1.14.11\byte-buddy-1.14.11.jar;C:\Users\evyco\.m2\repository\org\projectlombok\lombok\1.18.30\lombok-1.18.30.jar;C:\Users\evyco\.m2\repository\org\aeonbits\owner\owner\1.0.12\owner-1.0.12.jar;C:\Users\evyco\.m2\repository\org\apache\poi\poi\5.2.5\poi-5.2.5.jar;C:\Users\evyco\.m2\repository\commons-codec\commons-codec\1.16.0\commons-codec-1.16.0.jar;C:\Users\evyco\.m2\repository\org\apache\commons\commons-collections4\4.4\commons-collections4-4.4.jar;C:\Users\evyco\.m2\repository\org\apache\commons\commons-math3\3.6.1\commons-math3-3.6.1.jar;C:\Users\evyco\.m2\repository\commons-io\commons-io\2.15.0\commons-io-2.15.0.jar;C:\Users\evyco\.m2\repository\com\zaxxer\SparseBitSet\1.3\SparseBitSet-1.3.jar;C:\Users\evyco\.m2\repository\org\apache\poi\poi-ooxml\5.2.5\poi-ooxml-5.2.5.jar;C:\Users\evyco\.m2\repository\org\apache\poi\poi-ooxml-lite\5.2.5\poi-ooxml-lite-5.2.5.jar;C:\Users\evyco\.m2\repository\org\apache\xmlbeans\xmlbeans\5.2.0\xmlbeans-5.2.0.jar;C:\Users\evyco\.m2\repository\com\github\virtuald\curvesapi\1.08\curvesapi-1.08.jar;C:\Users\evyco\.m2\repository\com\github\javafaker\javafaker\1.0.2\javafaker-1.0.2.jar;C:\Users\evyco\.m2\repository\org\yaml\snakeyaml\1.23\snakeyaml-1.23-android.jar;C:\Users\evyco\.m2\repository\com\github\mifmif\generex\1.0.2\generex-1.0.2.jar;C:\Users\evyco\.m2\repository\dk\brics\automaton\automaton\1.11-8\automaton-1.11-8.jar;C:\Users\evyco\.m2\repository\io\qameta\allure\allure-model\2.27.0\allure-model-2.27.0.jar;"/>
    <property name="allure.results.directory" value="G:\java\autqa-ecommerce-ui/target/allure-results"/>
    <property name="sun.cpu.endian" value="little"/>
    <property name="user.home" value="C:\Users\evyco"/>
    <property name="user.language" value="en"/>
    <property name="java.specification.vendor" value="Oracle Corporation"/>
    <property name="java.version.date" value="2022-01-18"/>
    <property name="java.home" value="C:\Program Files\Java\jdk-17.0.2"/>
    <property name="file.separator" value="\"/>
    <property name="allure.link.tms.pattern" value="https://example.org/tms/{}"/>
    <property name="basedir" value="G:\java\autqa-ecommerce-ui"/>
    <property name="java.vm.compressedOopsMode" value="32-bit"/>
    <property name="line.separator" value="&#10;"/>
    <property name="java.vm.specification.vendor" value="Oracle Corporation"/>
    <property name="java.specification.name" value="Java Platform API Specification"/>
    <property name="surefire.real.class.path" value="C:\Users\evyco\AppData\Local\Temp\surefire14727372483431176272\surefirebooter-20240501124214304_3.jar"/>
    <property name="user.script" value=""/>
    <property name="sun.management.compiler" value="HotSpot 64-Bit Tiered Compilers"/>
    <property name="java.runtime.version" value="17.0.2+8-LTS-86"/>
    <property name="user.name" value="evyco"/>
    <property name="path.separator" value=";"/>
    <property name="os.version" value="10.0"/>
    <property name="java.runtime.name" value="Java(TM) SE Runtime Environment"/>
    <property name="file.encoding" value="Cp1252"/>
    <property name="java.vm.name" value="Java HotSpot(TM) 64-Bit Server VM"/>
    <property name="localRepository" value="C:\Users\evyco\.m2\repository"/>
    <property name="java.vendor.url.bug" value="https://bugreport.java.com/bugreport/"/>
    <property name="java.io.tmpdir" value="C:\Users\evyco\AppData\Local\Temp\"/>
    <property name="java.version" value="17.0.2"/>
    <property name="user.dir" value="G:\java\autqa-ecommerce-ui"/>
    <property name="os.arch" value="amd64"/>
    <property name="java.vm.specification.name" value="Java Virtual Machine Specification"/>
    <property name="sun.os.patch.level" value=""/>
    <property name="native.encoding" value="Cp1252"/>
    <property name="java.library.path" value="C:\Program Files\Java\jdk-17.0.2\bin;C:\Windows\Sun\Java\bin;C:\Windows\system32;C:\Windows;C:\Program Files\Common Files\Oracle\Java\javapath;C:\Python313\Scripts\;C:\Python313\;C:\Windows\system32;C:\Windows;C:\Windows\System32\Wbem;C:\Windows\System32\WindowsPowerShell\v1.0\;C:\Windows\System32\OpenSSH\;C:\ProgramData\chocolatey\bin;C:\Program Files\Git\cmd;C:\ProgramData\chocolatey\lib\maven\apache-maven-3.9.6\bin;C:\Program Files\nodejs\;C:\Program Files\Java\jdk-17.0.2\bin;C:\Program Files\MongoDB\Server\7.0\bin;C:\Program Files (x86)\Microsoft SQL Server\160\Tools\Binn\;C:\Program Files\Microsoft SQL Server\160\Tools\Binn\;C:\Program Files\Microsoft SQL Server\Client SDK\ODBC\170\Tools\Binn\;C:\Program Files\Microsoft SQL Server\160\DTS\Binn\;C:\Program Files (x86)\Microsoft SQL Server\160\DTS\Binn\;C:\Users\evyco\AppData\Local\Microsoft\WindowsApps;C:\Users\evyco\AppData\Roaming\npm;C:\Program Files\MongoDB\Server\7.0\bin;C:\Users\evyco\AppData\Local\Programs\mongosh\;."/>
    <property name="java.vm.info" value="mixed mode, sharing"/>
    <property name="java.vendor" value="Oracle Corporation"/>
    <property name="java.vm.version" value="17.0.2+8-LTS-86"/>
    <property name="sun.io.unicode.encoding" value="UnicodeLittle"/>
    <property name="java.class.version" value="61.0"/>
  </properties>
  <testcase name="verifyAccountDropdownLinksAfterLogin[myAccount, My Dashboard, My Account, /account/](1)" classname="com.evy.tests.AccountDropdownTests" time="6.401">
    <system-out><![CDATA[12:42:22.644 [main] INFO  com.evy.framework.utils.LoggerUtils - [AccountDropdown] Navigating login page
12:42:22.697 [main] INFO  com.evy.framework.utils.LoggerUtils - [AccountDropdownElements] Clicked on  account dropdown button
12:42:24.353 [main] INFO  com.evy.framework.utils.LoggerUtils - [AccountDropdownElements] Clicked on  login button
12:42:25.925 [main] INFO  com.evy.framework.utils.LoggerUtils - [AccountDropdown] Page Url Contains /login/
12:42:26.054 [main] INFO  com.evy.framework.utils.LoggerUtils - [LoginElements] Send keys to email:evy@user.email
12:42:26.156 [main] INFO  com.evy.framework.utils.LoggerUtils - [LoginElements] Send keys to password:password
12:42:26.197 [main] INFO  com.evy.framework.utils.LoggerUtils - [LoginElements] Clicked on  login button
12:42:27.901 [main] INFO  com.evy.framework.utils.LoggerUtils - [LoginPage] Navigate to Header Section
12:42:27.902 [main] INFO  com.evy.framework.utils.LoggerUtils - [AccountDropdown] Navigating to myAccount page
12:42:27.932 [main] INFO  com.evy.framework.utils.LoggerUtils - [AccountDropdownElements] Clicked on  account dropdown button
12:42:28.504 [main] INFO  com.evy.framework.utils.LoggerUtils - [AccountDropdownElements] Clicked on  my account button
12:42:28.530 [main] INFO  com.evy.framework.utils.LoggerUtils - [BasePage] Current URL: https://ecommerce.tealiumdemo.com/customer/account/
12:42:28.540 [main] INFO  com.evy.framework.utils.LoggerUtils - [BasePage] Page Title: My Account
12:42:28.583 [main] INFO  com.evy.framework.utils.LoggerUtils - [BasePage] Page Header
12:42:28.598 [main] INFO  com.evy.framework.utils.LoggerUtils - [CustomAssertions] Condition met: URL of the page after clicking on the 'myAccount' link contains /account/
12:42:28.599 [main] INFO  com.evy.framework.utils.LoggerUtils - [CustomAssertions] Condition met: Page title after clicking on the 'myAccount' link is My Account
12:42:28.599 [main] INFO  com.evy.framework.utils.LoggerUtils - [CustomAssertions] Condition met: Page header after clicking on the 'myAccount' link contains my dashboard
]]></system-out>
    <system-err><![CDATA[SLF4J: Failed to load class "org.slf4j.impl.StaticLoggerBinder".
SLF4J: Defaulting to no-operation (NOP) logger implementation
SLF4J: See http://www.slf4j.org/codes.html#StaticLoggerBinder for further details.
May 01, 2024 12:42:16 PM org.openqa.selenium.devtools.CdpVersionFinder findNearestMatch
WARNING: Unable to find an exact match for CDP version 124, returning the closest version; found: 123; Please update to a Selenium version that supports CDP version 124
]]></system-err>
  </testcase>
  <testcase name="verifyAccountDropdownLinksAfterLogin[myCart, Shopping Cart, Shopping Cart, /cart/](2)" classname="com.evy.tests.AccountDropdownTests" time="6.566">
    <system-out><![CDATA[12:42:33.608 [main] INFO  com.evy.framework.utils.LoggerUtils - [AccountDropdown] Navigating login page
12:42:33.651 [main] INFO  com.evy.framework.utils.LoggerUtils - [AccountDropdownElements] Clicked on  account dropdown button
12:42:35.292 [main] INFO  com.evy.framework.utils.LoggerUtils - [AccountDropdownElements] Clicked on  login button
12:42:36.564 [main] INFO  com.evy.framework.utils.LoggerUtils - [AccountDropdown] Page Url Contains /login/
12:42:36.692 [main] INFO  com.evy.framework.utils.LoggerUtils - [LoginElements] Send keys to email:evy@user.email
12:42:36.783 [main] INFO  com.evy.framework.utils.LoggerUtils - [LoginElements] Send keys to password:password
12:42:36.821 [main] INFO  com.evy.framework.utils.LoggerUtils - [LoginElements] Clicked on  login button
12:42:38.450 [main] INFO  com.evy.framework.utils.LoggerUtils - [LoginPage] Navigate to Header Section
12:42:38.451 [main] INFO  com.evy.framework.utils.LoggerUtils - [AccountDropdown] Navigate to myCart page 
12:42:38.482 [main] INFO  com.evy.framework.utils.LoggerUtils - [AccountDropdownElements] Clicked on  account dropdown button
12:42:39.050 [main] INFO  com.evy.framework.utils.LoggerUtils - [AccountDropdownElements] Clicked on  cart button
12:42:40.121 [main] INFO  com.evy.framework.utils.LoggerUtils - [AccountDropdown] Page Url Contains /cart/
12:42:40.129 [main] INFO  com.evy.framework.utils.LoggerUtils - [BasePage] Current URL: https://ecommerce.tealiumdemo.com/checkout/cart/
12:42:40.139 [main] INFO  com.evy.framework.utils.LoggerUtils - [BasePage] Page Title: Shopping Cart
12:42:40.168 [main] INFO  com.evy.framework.utils.LoggerUtils - [BasePage] Page Header
12:42:40.169 [main] INFO  com.evy.framework.utils.LoggerUtils - [CustomAssertions] Condition met: URL of the page after clicking on the 'myCart' link contains /cart/
12:42:40.169 [main] INFO  com.evy.framework.utils.LoggerUtils - [CustomAssertions] Condition met: Page title after clicking on the 'myCart' link is Shopping Cart
12:42:40.169 [main] INFO  com.evy.framework.utils.LoggerUtils - [CustomAssertions] Condition met: Page header after clicking on the 'myCart' link contains shopping cart
]]></system-out>
    <system-err><![CDATA[May 01, 2024 12:42:29 PM org.openqa.selenium.devtools.CdpVersionFinder findNearestMatch
WARNING: Unable to find an exact match for CDP version 124, returning the closest version; found: 123; Please update to a Selenium version that supports CDP version 124
]]></system-err>
  </testcase>
  <testcase name="verifyAccountDropdownLinksAfterLogin[myWishlist, My Wishlist, My Wishlist, /wishlist/](3)" classname="com.evy.tests.AccountDropdownTests" time="6.532">
    <system-out><![CDATA[12:42:46.470 [main] INFO  com.evy.framework.utils.LoggerUtils - [AccountDropdown] Navigating login page
12:42:46.511 [main] INFO  com.evy.framework.utils.LoggerUtils - [AccountDropdownElements] Clicked on  account dropdown button
12:42:48.151 [main] INFO  com.evy.framework.utils.LoggerUtils - [AccountDropdownElements] Clicked on  login button
12:42:49.404 [main] INFO  com.evy.framework.utils.LoggerUtils - [AccountDropdown] Page Url Contains /login/
12:42:49.524 [main] INFO  com.evy.framework.utils.LoggerUtils - [LoginElements] Send keys to email:evy@user.email
12:42:49.622 [main] INFO  com.evy.framework.utils.LoggerUtils - [LoginElements] Send keys to password:password
12:42:49.659 [main] INFO  com.evy.framework.utils.LoggerUtils - [LoginElements] Clicked on  login button
12:42:51.235 [main] INFO  com.evy.framework.utils.LoggerUtils - [LoginPage] Navigate to Header Section
12:42:51.235 [main] INFO  com.evy.framework.utils.LoggerUtils - [AccountDropdown] Navigate to myWishList page
12:42:51.269 [main] INFO  com.evy.framework.utils.LoggerUtils - [AccountDropdownElements] Clicked on  account dropdown button
12:42:51.855 [main] INFO  com.evy.framework.utils.LoggerUtils - [AccountDropdownElements] Clicked on  myWishlist button
12:42:52.953 [main] INFO  com.evy.framework.utils.LoggerUtils - [AccountDropdown] Page Url Contains /wishlist/
12:42:52.960 [main] INFO  com.evy.framework.utils.LoggerUtils - [BasePage] Current URL: https://ecommerce.tealiumdemo.com/wishlist/
12:42:52.968 [main] INFO  com.evy.framework.utils.LoggerUtils - [BasePage] Page Title: My Wishlist
12:42:52.997 [main] INFO  com.evy.framework.utils.LoggerUtils - [BasePage] Page Header
12:42:52.998 [main] INFO  com.evy.framework.utils.LoggerUtils - [CustomAssertions] Condition met: URL of the page after clicking on the 'myWishlist' link contains /wishlist/
12:42:52.998 [main] INFO  com.evy.framework.utils.LoggerUtils - [CustomAssertions] Condition met: Page title after clicking on the 'myWishlist' link is My Wishlist
12:42:52.998 [main] INFO  com.evy.framework.utils.LoggerUtils - [CustomAssertions] Condition met: Page header after clicking on the 'myWishlist' link contains my wishlist
]]></system-out>
    <system-err><![CDATA[May 01, 2024 12:42:40 PM org.openqa.selenium.devtools.CdpVersionFinder findNearestMatch
WARNING: Unable to find an exact match for CDP version 124, returning the closest version; found: 123; Please update to a Selenium version that supports CDP version 124
]]></system-err>
  </testcase>
  <testcase name="verifyAccountDropdownLinksAfterLogin[checkout, Checkout, Checkout, /checkout/](4)" classname="com.evy.tests.AccountDropdownTests" time="7.31">
    <failure message="Assertion error occurred" type="com.evy.framework.utils.CustomException"><![CDATA[com.evy.framework.utils.CustomException: Assertion error occurred
	at com.evy.framework.utils.CustomAssertions.isEqualToCondition(CustomAssertions.java:58)
	at com.evy.tests.AccountDropdownTests.verifyAccountDropdownLinksAfterLogin(AccountDropdownTests.java:53)
	at java.base/jdk.internal.reflect.NativeMethodAccessorImpl.invoke0(Native Method)
	at java.base/jdk.internal.reflect.NativeMethodAccessorImpl.invoke(NativeMethodAccessorImpl.java:77)
	at java.base/jdk.internal.reflect.DelegatingMethodAccessorImpl.invoke(DelegatingMethodAccessorImpl.java:43)
	at java.base/java.lang.reflect.Method.invoke(Method.java:568)
	at org.testng.internal.invokers.MethodInvocationHelper.invokeMethod(MethodInvocationHelper.java:141)
	at org.testng.internal.invokers.TestInvoker.invokeMethod(TestInvoker.java:686)
	at org.testng.internal.invokers.TestInvoker.invokeTestMethod(TestInvoker.java:230)
	at org.testng.internal.invokers.MethodRunner.runInSequence(MethodRunner.java:63)
	at org.testng.internal.invokers.TestInvoker$MethodInvocationAgent.invoke(TestInvoker.java:992)
	at org.testng.internal.invokers.TestInvoker.invokeTestMethods(TestInvoker.java:203)
	at org.testng.internal.invokers.TestMethodWorker.invokeTestMethods(TestMethodWorker.java:154)
	at org.testng.internal.invokers.TestMethodWorker.run(TestMethodWorker.java:134)
	at java.base/java.util.ArrayList.forEach(ArrayList.java:1511)
	at org.testng.TestRunner.privateRun(TestRunner.java:739)
	at org.testng.TestRunner.run(TestRunner.java:614)
	at org.testng.SuiteRunner.runTest(SuiteRunner.java:421)
	at org.testng.SuiteRunner.runSequentially(SuiteRunner.java:413)
	at org.testng.SuiteRunner.privateRun(SuiteRunner.java:373)
	at org.testng.SuiteRunner.run(SuiteRunner.java:312)
	at org.testng.SuiteRunnerWorker.runSuite(SuiteRunnerWorker.java:52)
	at org.testng.SuiteRunnerWorker.run(SuiteRunnerWorker.java:95)
	at org.testng.TestNG.runSuitesSequentially(TestNG.java:1274)
	at org.testng.TestNG.runSuitesLocally(TestNG.java:1208)
	at org.testng.TestNG.runSuites(TestNG.java:1112)
	at org.testng.TestNG.run(TestNG.java:1079)
	at org.apache.maven.surefire.testng.TestNGExecutor.run(TestNGExecutor.java:308)
	at org.apache.maven.surefire.testng.TestNGXmlTestSuite.execute(TestNGXmlTestSuite.java:71)
	at org.apache.maven.surefire.testng.TestNGProvider.invoke(TestNGProvider.java:113)
	at org.apache.maven.surefire.booter.ForkedBooter.runSuitesInProcess(ForkedBooter.java:385)
	at org.apache.maven.surefire.booter.ForkedBooter.execute(ForkedBooter.java:162)
	at org.apache.maven.surefire.booter.ForkedBooter.run(ForkedBooter.java:507)
	at org.apache.maven.surefire.booter.ForkedBooter.main(ForkedBooter.java:495)
Caused by: java.lang.AssertionError: Expected Page title after clicking on the 'checkout' link to be Checkout, but it was Shopping Cart.
	... 33 more
]]></failure>
    <system-out><![CDATA[12:42:58.922 [main] INFO  com.evy.framework.utils.LoggerUtils - [AccountDropdown] Navigating login page
12:42:58.964 [main] INFO  com.evy.framework.utils.LoggerUtils - [AccountDropdownElements] Clicked on  account dropdown button
12:43:00.618 [main] INFO  com.evy.framework.utils.LoggerUtils - [AccountDropdownElements] Clicked on  login button
12:43:01.707 [main] INFO  com.evy.framework.utils.LoggerUtils - [AccountDropdown] Page Url Contains /login/
12:43:01.828 [main] INFO  com.evy.framework.utils.LoggerUtils - [LoginElements] Send keys to email:evy@user.email
12:43:01.921 [main] INFO  com.evy.framework.utils.LoggerUtils - [LoginElements] Send keys to password:password
12:43:01.960 [main] INFO  com.evy.framework.utils.LoggerUtils - [LoginElements] Clicked on  login button
12:43:03.865 [main] INFO  com.evy.framework.utils.LoggerUtils - [LoginPage] Navigate to Header Section
12:43:03.865 [main] INFO  com.evy.framework.utils.LoggerUtils - [AccountDropdown] Navigate to checkout page
12:43:03.894 [main] INFO  com.evy.framework.utils.LoggerUtils - [AccountDropdownElements] Clicked on  account dropdown button
12:43:04.477 [main] INFO  com.evy.framework.utils.LoggerUtils - [AccountDropdownElements] Clicked on  checkout button
12:43:06.128 [main] INFO  com.evy.framework.utils.LoggerUtils - [AccountDropdown] Page Url Contains /checkout/
12:43:06.138 [main] INFO  com.evy.framework.utils.LoggerUtils - [BasePage] Current URL: https://ecommerce.tealiumdemo.com/checkout/cart/
12:43:06.149 [main] INFO  com.evy.framework.utils.LoggerUtils - [BasePage] Page Title: Shopping Cart
12:43:06.179 [main] INFO  com.evy.framework.utils.LoggerUtils - [BasePage] Page Header
12:43:06.179 [main] INFO  com.evy.framework.utils.LoggerUtils - [CustomAssertions] Condition met: URL of the page after clicking on the 'checkout' link contains /checkout/
12:43:06.182 [main] ERROR com.evy.framework.utils.LoggerUtils - [CustomAssertions] Assertion error occurred: Expected Page title after clicking on the 'checkout' link to be Checkout, but it was Shopping Cart.
]]></system-out>
    <system-err><![CDATA[May 01, 2024 12:42:53 PM org.openqa.selenium.devtools.CdpVersionFinder findNearestMatch
WARNING: Unable to find an exact match for CDP version 124, returning the closest version; found: 123; Please update to a Selenium version that supports CDP version 124
]]></system-err>
  </testcase>
  <testcase name="verifyAccountDropdownLinksAfterLogin[logout, You are now logged out, TealiumEcommerce Demo, /logoutSuccess/](5)" classname="com.evy.tests.AccountDropdownTests" time="6.32">
    <system-out><![CDATA[12:43:11.248 [main] INFO  com.evy.framework.utils.LoggerUtils - [AccountDropdown] Navigating login page
12:43:11.286 [main] INFO  com.evy.framework.utils.LoggerUtils - [AccountDropdownElements] Clicked on  account dropdown button
12:43:12.407 [main] INFO  com.evy.framework.utils.LoggerUtils - [AccountDropdownElements] Clicked on  login button
12:43:13.936 [main] INFO  com.evy.framework.utils.LoggerUtils - [AccountDropdown] Page Url Contains /login/
12:43:14.054 [main] INFO  com.evy.framework.utils.LoggerUtils - [LoginElements] Send keys to email:evy@user.email
12:43:14.145 [main] INFO  com.evy.framework.utils.LoggerUtils - [LoginElements] Send keys to password:password
12:43:14.179 [main] INFO  com.evy.framework.utils.LoggerUtils - [LoginElements] Clicked on  login button
12:43:15.747 [main] INFO  com.evy.framework.utils.LoggerUtils - [LoginPage] Navigate to Header Section
12:43:15.748 [main] INFO  com.evy.framework.utils.LoggerUtils - [AccountDropdown] Navigating to logout page
12:43:15.782 [main] INFO  com.evy.framework.utils.LoggerUtils - [AccountDropdownElements] Clicked on  account dropdown button
12:43:16.427 [main] INFO  com.evy.framework.utils.LoggerUtils - [AccountDropdownElements] Clicked on  logout button
12:43:17.520 [main] INFO  com.evy.framework.utils.LoggerUtils - [AccountDropdown] Page Url Contains /logoutSuccess/
12:43:17.527 [main] INFO  com.evy.framework.utils.LoggerUtils - [BasePage] Current URL: https://ecommerce.tealiumdemo.com/customer/account/logoutSuccess/
12:43:17.535 [main] INFO  com.evy.framework.utils.LoggerUtils - [BasePage] Page Title: TealiumEcommerce Demo
12:43:17.564 [main] INFO  com.evy.framework.utils.LoggerUtils - [BasePage] Page Header
12:43:17.564 [main] INFO  com.evy.framework.utils.LoggerUtils - [CustomAssertions] Condition met: URL of the page after clicking on the 'logout' link contains /logoutsuccess/
12:43:17.564 [main] INFO  com.evy.framework.utils.LoggerUtils - [CustomAssertions] Condition met: Page title after clicking on the 'logout' link is TealiumEcommerce Demo
12:43:17.564 [main] INFO  com.evy.framework.utils.LoggerUtils - [CustomAssertions] Condition met: Page header after clicking on the 'logout' link contains you are now logged out
]]></system-out>
    <system-err><![CDATA[May 01, 2024 12:43:06 PM org.openqa.selenium.devtools.CdpVersionFinder findNearestMatch
WARNING: Unable to find an exact match for CDP version 124, returning the closest version; found: 123; Please update to a Selenium version that supports CDP version 124
]]></system-err>
  </testcase>
  <testcase name="verifyAccountDropdownLinksBeforeLogin[login, Login or Create an Account, Customer Login, /login/](1)" classname="com.evy.tests.AccountDropdownTests" time="1.766">
    <system-out><![CDATA[12:43:22.372 [main] INFO  com.evy.framework.utils.LoggerUtils - [AccountDropdown] Navigating login page
12:43:22.416 [main] INFO  com.evy.framework.utils.LoggerUtils - [AccountDropdownElements] Clicked on  account dropdown button
12:43:23.002 [main] INFO  com.evy.framework.utils.LoggerUtils - [AccountDropdownElements] Clicked on  login button
12:43:24.086 [main] INFO  com.evy.framework.utils.LoggerUtils - [AccountDropdown] Page Url Contains /login/
12:43:24.095 [main] INFO  com.evy.framework.utils.LoggerUtils - [BasePage] Current URL: https://ecommerce.tealiumdemo.com/customer/account/login/
12:43:24.103 [main] INFO  com.evy.framework.utils.LoggerUtils - [BasePage] Page Title: Customer Login
12:43:24.134 [main] INFO  com.evy.framework.utils.LoggerUtils - [BasePage] Page Header
12:43:24.134 [main] INFO  com.evy.framework.utils.LoggerUtils - [CustomAssertions] Condition met: URL of the page after clicking on the 'login' link contains /login/
12:43:24.135 [main] INFO  com.evy.framework.utils.LoggerUtils - [CustomAssertions] Condition met: Page title after clicking on the 'login' link is Customer Login
12:43:24.135 [main] INFO  com.evy.framework.utils.LoggerUtils - [CustomAssertions] Condition met: Page header after clicking on the 'login' link contains login or create an account
]]></system-out>
    <system-err><![CDATA[May 01, 2024 12:43:18 PM org.openqa.selenium.devtools.CdpVersionFinder findNearestMatch
WARNING: Unable to find an exact match for CDP version 124, returning the closest version; found: 123; Please update to a Selenium version that supports CDP version 124
]]></system-err>
  </testcase>
  <testcase name="verifyAccountDropdownLinksBeforeLogin[register, Create an Account, Create New Customer Account, /account/create/](2)" classname="com.evy.tests.AccountDropdownTests" time="1.731">
    <system-out><![CDATA[12:43:28.855 [main] INFO  com.evy.framework.utils.LoggerUtils - [AccountDropdown] Navigating to register page
12:43:28.895 [main] INFO  com.evy.framework.utils.LoggerUtils - [AccountDropdownElements] Clicked on  account dropdown button
12:43:29.446 [main] INFO  com.evy.framework.utils.LoggerUtils - [AccountDropdownElements] Clicked on  register button
12:43:30.536 [main] INFO  com.evy.framework.utils.LoggerUtils - [AccountDropdown] Page Url Contains /create/
12:43:30.544 [main] INFO  com.evy.framework.utils.LoggerUtils - [BasePage] Current URL: https://ecommerce.tealiumdemo.com/customer/account/create/
12:43:30.552 [main] INFO  com.evy.framework.utils.LoggerUtils - [BasePage] Page Title: Create New Customer Account
12:43:30.583 [main] INFO  com.evy.framework.utils.LoggerUtils - [BasePage] Page Header
12:43:30.583 [main] INFO  com.evy.framework.utils.LoggerUtils - [CustomAssertions] Condition met: URL of the page after clicking on the 'register' link contains /account/create/
12:43:30.583 [main] INFO  com.evy.framework.utils.LoggerUtils - [CustomAssertions] Condition met: Page title after clicking on the 'register' link is Create New Customer Account
12:43:30.583 [main] INFO  com.evy.framework.utils.LoggerUtils - [CustomAssertions] Condition met: Page header after clicking on the 'register' link contains create an account
]]></system-out>
    <system-err><![CDATA[May 01, 2024 12:43:24 PM org.openqa.selenium.devtools.CdpVersionFinder findNearestMatch
WARNING: Unable to find an exact match for CDP version 124, returning the closest version; found: 123; Please update to a Selenium version that supports CDP version 124
]]></system-err>
  </testcase>
</testsuite>