<?xml version="1.0" encoding="UTF-8"?>
<!-- Generated by org.testng.reporters.JUnitXMLReporter -->
<testsuite ignored="0" hostname="evy" failures="1" tests="7" name="G:/java/autqa-ecommerce-ui" time="75.557" errors="0" timestamp="2024-05-01T12:43:30 IDT">
  <testcase classname="com.evy.tests.AccountDropdownTests" name="verifyAccountDropdownLinksAfterLogin" time="6.392"/>
  <testcase classname="com.evy.tests.AccountDropdownTests" name="verifyAccountDropdownLinksAfterLogin" time="6.565"/>
  <testcase classname="com.evy.tests.AccountDropdownTests" name="verifyAccountDropdownLinksAfterLogin" time="6.53"/>
  <testcase classname="com.evy.tests.AccountDropdownTests" name="verifyAccountDropdownLinksAfterLogin" time="7.263">
    <failure type="com.evy.framework.utils.CustomException" message="Assertion error occurred">
      <![CDATA[com.evy.framework.utils.CustomException: Assertion error occurred
at com.evy.framework.utils.CustomAssertions.isEqualToCondition(CustomAssertions.java:58)
at com.evy.tests.AccountDropdownTests.verifyAccountDropdownLinksAfterLogin(AccountDropdownTests.java:53)
at java.base/java.util.ArrayList.forEach(ArrayList.java:1511)
Caused by: java.lang.AssertionError: Expected Page title after clicking on the 'checkout' link to be Checkout, but it was Shopping Cart.
... 33 more
... Removed 31 stack frames]]>
    </failure>
  </testcase> <!-- verifyAccountDropdownLinksAfterLogin -->
  <testcase classname="com.evy.tests.AccountDropdownTests" name="verifyAccountDropdownLinksAfterLogin" time="6.319"/>
  <testcase classname="com.evy.tests.AccountDropdownTests" name="verifyAccountDropdownLinksBeforeLogin" time="1.765"/>
  <testcase classname="com.evy.tests.AccountDropdownTests" name="verifyAccountDropdownLinksBeforeLogin" time="1.73"/>
</testsuite> <!-- G:/java/autqa-ecommerce-ui -->
