<?xml version="1.0" encoding="UTF-8"?>
<!-- Generated by org.testng.reporters.JUnitReportReporter -->
<testsuite hostname="evy" failures="0" tests="7" name="com.evy.tests.AccountDropdownTests" time="75.388" errors="1" timestamp="2024-05-01T12:43:30 IDT" skipped="0">
  <testcase classname="com.evy.tests.AccountDropdownTests" name="verifyAccountDropdownLinksAfterLogin" time="13.658"/>
  <testcase classname="com.evy.tests.AccountDropdownTests" name="verifyAccountDropdownLinksBeforeLogin" time="6.740"/>
  <testcase classname="com.evy.tests.AccountDropdownTests" name="verifyAccountDropdownLinksAfterLogin" time="12.618"/>
  <testcase classname="com.evy.tests.AccountDropdownTests" name="verifyAccountDropdownLinksAfterLogin" time="11.276"/>
  <testcase classname="com.evy.tests.AccountDropdownTests" name="verifyAccountDropdownLinksAfterLogin" time="12.302"/>
  <testcase classname="com.evy.tests.AccountDropdownTests" name="verifyAccountDropdownLinksBeforeLogin" time="6.750"/>
  <testcase classname="com.evy.tests.AccountDropdownTests" name="verifyAccountDropdownLinksAfterLogin" time="12.044">
    <error message="Assertion error occurred" type="com.evy.framework.utils.CustomException">
      <![CDATA[com.evy.framework.utils.CustomException: Assertion error occurred
at com.evy.framework.utils.CustomAssertions.isEqualToCondition(CustomAssertions.java:58)
at com.evy.tests.AccountDropdownTests.verifyAccountDropdownLinksAfterLogin(AccountDropdownTests.java:53)
at java.base/jdk.internal.reflect.NativeMethodAccessorImpl.invoke0(Native Method)
at java.base/jdk.internal.reflect.NativeMethodAccessorImpl.invoke(NativeMethodAccessorImpl.java:77)
at java.base/jdk.internal.reflect.DelegatingMethodAccessorImpl.invoke(DelegatingMethodAccessorImpl.java:43)
at java.base/java.lang.reflect.Method.invoke(Method.java:568)
at org.testng.internal.invokers.MethodInvocationHelper.invokeMethod(MethodInvocationHelper.java:141)
at org.testng.internal.invokers.TestInvoker.invokeMethod(TestInvoker.java:686)
at org.testng.internal.invokers.TestInvoker.invokeTestMethod(TestInvoker.java:230)
at org.testng.internal.invokers.MethodRunner.runInSequence(MethodRunner.java:63)
at org.testng.internal.invokers.TestInvoker$MethodInvocationAgent.invoke(TestInvoker.java:992)
at org.testng.internal.invokers.TestInvoker.invokeTestMethods(TestInvoker.java:203)
at org.testng.internal.invokers.TestMethodWorker.invokeTestMethods(TestMethodWorker.java:154)
at org.testng.internal.invokers.TestMethodWorker.run(TestMethodWorker.java:134)
at java.base/java.util.ArrayList.forEach(ArrayList.java:1511)
at org.testng.TestRunner.privateRun(TestRunner.java:739)
at org.testng.TestRunner.run(TestRunner.java:614)
at org.testng.SuiteRunner.runTest(SuiteRunner.java:421)
at org.testng.SuiteRunner.runSequentially(SuiteRunner.java:413)
at org.testng.SuiteRunner.privateRun(SuiteRunner.java:373)
at org.testng.SuiteRunner.run(SuiteRunner.java:312)
at org.testng.SuiteRunnerWorker.runSuite(SuiteRunnerWorker.java:52)
at org.testng.SuiteRunnerWorker.run(SuiteRunnerWorker.java:95)
at org.testng.TestNG.runSuitesSequentially(TestNG.java:1274)
at org.testng.TestNG.runSuitesLocally(TestNG.java:1208)
at org.testng.TestNG.runSuites(TestNG.java:1112)
at org.testng.TestNG.run(TestNG.java:1079)
at org.apache.maven.surefire.testng.TestNGExecutor.run(TestNGExecutor.java:308)
at org.apache.maven.surefire.testng.TestNGXmlTestSuite.execute(TestNGXmlTestSuite.java:71)
at org.apache.maven.surefire.testng.TestNGProvider.invoke(TestNGProvider.java:113)
at org.apache.maven.surefire.booter.ForkedBooter.runSuitesInProcess(ForkedBooter.java:385)
at org.apache.maven.surefire.booter.ForkedBooter.execute(ForkedBooter.java:162)
at org.apache.maven.surefire.booter.ForkedBooter.run(ForkedBooter.java:507)
at org.apache.maven.surefire.booter.ForkedBooter.main(ForkedBooter.java:495)
Caused by: java.lang.AssertionError: Expected Page title after clicking on the 'checkout' link to be Checkout, but it was Shopping Cart.
... 33 more
]]>
    </error>
  </testcase> <!-- verifyAccountDropdownLinksAfterLogin -->
</testsuite> <!-- com.evy.tests.AccountDropdownTests -->
